<?xml version="1.0" encoding="UTF-8"?>
<TestRun id="ed770123-f73c-4fa6-a6a4-71cc354fc67b" name="ionut.apostol@P5446 2016-04-06 10:29:20" runUser="P5446\ionut.apostol" xmlns="http://microsoft.com/schemas/VisualStudio/TeamTest/2010">
  <Times creation="2016-04-06T10:29:20.0506103+03:00" queuing="2016-04-06T10:29:20.0526103+03:00" start="2016-04-06T10:29:20.0596103+03:00" finish="2016-04-06T10:29:20.1606103+03:00" />
  <TestSettings name="default" id="b7c6ec33-1cd3-4c07-bd33-bb701c90ec00">
    <Execution>
      <TestTypeSpecific />
    </Execution>
    <Deployment runDeploymentRoot="ionut.apostol_P5446 2016-04-06 10_29_20" />
    <Properties />
  </TestSettings>
  <Results>
    <UnitTestResult executionId="df8cadd9-abcf-4f88-8912-4a9f512c2b73" testId="f2087339-2266-fe04-793e-6f1f426ef893" testName="Initialize_Configuration_Model_When_Settings_Is_Empty" computerName="P5446" duration="00:00:00.4141389" startTime="2016-04-06T10:29:19.2326103+03:00" endTime="2016-04-06T10:29:19.8836103+03:00" testType="13cdc9d9-ddb5-4fa4-a97d-d965ccfc6d4b" outcome="Passed" testListId="8c84fa94-04c1-424b-9868-57a2d4851a1d" relativeResultsDirectory="df8cadd9-abcf-4f88-8912-4a9f512c2b73" />
    <UnitTestResult executionId="54346ee6-b21e-44e3-b6f3-419af805f7bc" testId="60ef5aab-3031-39c3-126a-9ffa62b871c7" testName="Configuration_Model_Credentials_Not_Null" computerName="P5446" duration="00:00:00.0143284" startTime="2016-04-06T10:29:19.8946103+03:00" endTime="2016-04-06T10:29:19.9096103+03:00" testType="13cdc9d9-ddb5-4fa4-a97d-d965ccfc6d4b" outcome="Passed" testListId="8c84fa94-04c1-424b-9868-57a2d4851a1d" relativeResultsDirectory="54346ee6-b21e-44e3-b6f3-419af805f7bc" />
    <UnitTestResult executionId="f03c8691-09d1-4205-83ee-8975dbe7bcde" testId="43aa2226-caa3-684c-df1e-2534c6945391" testName="Configuration_Model_JiraConfig_Not_Null" computerName="P5446" duration="00:00:00.0057502" startTime="2016-04-06T10:29:19.9096103+03:00" endTime="2016-04-06T10:29:19.9156103+03:00" testType="13cdc9d9-ddb5-4fa4-a97d-d965ccfc6d4b" outcome="Passed" testListId="8c84fa94-04c1-424b-9868-57a2d4851a1d" relativeResultsDirectory="f03c8691-09d1-4205-83ee-8975dbe7bcde" />
    <UnitTestResult executionId="f6e9aaf6-9a5c-4ac0-aa65-d767addc4fd7" testId="b0a9e5e4-8860-2338-8e7a-7163155ef01b" testName="Configuration_Model_GitConfig_Not_Null" computerName="P5446" duration="00:00:00.0049145" startTime="2016-04-06T10:29:19.9156103+03:00" endTime="2016-04-06T10:29:19.9206103+03:00" testType="13cdc9d9-ddb5-4fa4-a97d-d965ccfc6d4b" outcome="Passed" testListId="8c84fa94-04c1-424b-9868-57a2d4851a1d" relativeResultsDirectory="f6e9aaf6-9a5c-4ac0-aa65-d767addc4fd7" />
    <UnitTestResult executionId="61ff5532-02a6-4f1c-a138-e6d2d973fab5" testId="bc1f15ea-3ab8-46d8-3ceb-cfdf28cfc8ee" testName="Configuraiton_Model_Set_Credentials_Properties" computerName="P5446" duration="00:00:00.0056054" startTime="2016-04-06T10:29:19.9206103+03:00" endTime="2016-04-06T10:29:19.9266103+03:00" testType="13cdc9d9-ddb5-4fa4-a97d-d965ccfc6d4b" outcome="Passed" testListId="8c84fa94-04c1-424b-9868-57a2d4851a1d" relativeResultsDirectory="61ff5532-02a6-4f1c-a138-e6d2d973fab5" />
    <UnitTestResult executionId="2371f1cc-58bf-46b6-b329-78bdbf5d2d9d" testId="42c05800-e6e0-f44a-f5b6-62811dc11f8d" testName="Configuraiton_Model_Set_GitConfig_Properties" computerName="P5446" duration="00:00:00.0050217" startTime="2016-04-06T10:29:19.9266103+03:00" endTime="2016-04-06T10:29:19.9316103+03:00" testType="13cdc9d9-ddb5-4fa4-a97d-d965ccfc6d4b" outcome="Passed" testListId="8c84fa94-04c1-424b-9868-57a2d4851a1d" relativeResultsDirectory="2371f1cc-58bf-46b6-b329-78bdbf5d2d9d" />
    <UnitTestResult executionId="e0877cc7-ab4b-4ec5-bcdd-bedff5eb0f0d" testId="157f3719-ee92-2d15-7949-f920cf6d3401" testName="Configuration_Model_Set_JiraConfig_Properties" computerName="P5446" duration="00:00:00.0050270" startTime="2016-04-06T10:29:19.9316103+03:00" endTime="2016-04-06T10:29:19.9376103+03:00" testType="13cdc9d9-ddb5-4fa4-a97d-d965ccfc6d4b" outcome="Passed" testListId="8c84fa94-04c1-424b-9868-57a2d4851a1d" relativeResultsDirectory="e0877cc7-ab4b-4ec5-bcdd-bedff5eb0f0d" />
    <UnitTestResult executionId="7f9550d5-f4bd-4b85-b192-4ee90e7423f2" testId="68475742-8e28-f85a-1f0d-489e8ee715bb" testName="Configuration_Model_Can_Save" computerName="P5446" duration="00:00:00.0081077" startTime="2016-04-06T10:29:19.9376103+03:00" endTime="2016-04-06T10:29:19.9456103+03:00" testType="13cdc9d9-ddb5-4fa4-a97d-d965ccfc6d4b" outcome="Passed" testListId="8c84fa94-04c1-424b-9868-57a2d4851a1d" relativeResultsDirectory="7f9550d5-f4bd-4b85-b192-4ee90e7423f2" />
    <UnitTestResult executionId="9a55469d-117e-49bb-8c6e-e0bc603e746b" testId="50fc7a09-661e-a90b-8608-0349ba9ff4e8" testName="Configuration_Model_Can_Dispose" computerName="P5446" duration="00:00:00.0052268" startTime="2016-04-06T10:29:19.9456103+03:00" endTime="2016-04-06T10:29:19.9516103+03:00" testType="13cdc9d9-ddb5-4fa4-a97d-d965ccfc6d4b" outcome="Passed" testListId="8c84fa94-04c1-424b-9868-57a2d4851a1d" relativeResultsDirectory="9a55469d-117e-49bb-8c6e-e0bc603e746b" />
  </Results>
  <TestDefinitions>
    <UnitTest name="Initialize_Configuration_Model_When_Settings_Is_Empty" storage="e:\sideprojects\asap\asap\gitjiraconfigurationunittests\bin\debug\gitjiraconfigurationunittests.dll" id="f2087339-2266-fe04-793e-6f1f426ef893">
      <Execution id="df8cadd9-abcf-4f88-8912-4a9f512c2b73" />
      <TestMethod codeBase="E:\SideProjects\ASAP\Asap\GitJiraConfigurationUnitTests\bin\Debug\GitJiraConfigurationUnitTests.dll" adapterTypeName="Microsoft.VisualStudio.TestTools.TestTypes.Unit.UnitTestAdapter" className="GitJiraConfigurationUnitTests.ConfigurationModelUT" name="Initialize_Configuration_Model_When_Settings_Is_Empty" />
    </UnitTest>
    <UnitTest name="Configuration_Model_Credentials_Not_Null" storage="e:\sideprojects\asap\asap\gitjiraconfigurationunittests\bin\debug\gitjiraconfigurationunittests.dll" id="60ef5aab-3031-39c3-126a-9ffa62b871c7">
      <Execution id="54346ee6-b21e-44e3-b6f3-419af805f7bc" />
      <TestMethod codeBase="E:\SideProjects\ASAP\Asap\GitJiraConfigurationUnitTests\bin\Debug\GitJiraConfigurationUnitTests.dll" adapterTypeName="Microsoft.VisualStudio.TestTools.TestTypes.Unit.UnitTestAdapter" className="GitJiraConfigurationUnitTests.ConfigurationModelUT" name="Configuration_Model_Credentials_Not_Null" />
    </UnitTest>
    <UnitTest name="Configuration_Model_JiraConfig_Not_Null" storage="e:\sideprojects\asap\asap\gitjiraconfigurationunittests\bin\debug\gitjiraconfigurationunittests.dll" id="43aa2226-caa3-684c-df1e-2534c6945391">
      <Execution id="f03c8691-09d1-4205-83ee-8975dbe7bcde" />
      <TestMethod codeBase="E:\SideProjects\ASAP\Asap\GitJiraConfigurationUnitTests\bin\Debug\GitJiraConfigurationUnitTests.dll" adapterTypeName="Microsoft.VisualStudio.TestTools.TestTypes.Unit.UnitTestAdapter" className="GitJiraConfigurationUnitTests.ConfigurationModelUT" name="Configuration_Model_JiraConfig_Not_Null" />
    </UnitTest>
    <UnitTest name="Configuration_Model_GitConfig_Not_Null" storage="e:\sideprojects\asap\asap\gitjiraconfigurationunittests\bin\debug\gitjiraconfigurationunittests.dll" id="b0a9e5e4-8860-2338-8e7a-7163155ef01b">
      <Execution id="f6e9aaf6-9a5c-4ac0-aa65-d767addc4fd7" />
      <TestMethod codeBase="E:\SideProjects\ASAP\Asap\GitJiraConfigurationUnitTests\bin\Debug\GitJiraConfigurationUnitTests.dll" adapterTypeName="Microsoft.VisualStudio.TestTools.TestTypes.Unit.UnitTestAdapter" className="GitJiraConfigurationUnitTests.ConfigurationModelUT" name="Configuration_Model_GitConfig_Not_Null" />
    </UnitTest>
    <UnitTest name="Configuraiton_Model_Set_Credentials_Properties" storage="e:\sideprojects\asap\asap\gitjiraconfigurationunittests\bin\debug\gitjiraconfigurationunittests.dll" id="bc1f15ea-3ab8-46d8-3ceb-cfdf28cfc8ee">
      <Execution id="61ff5532-02a6-4f1c-a138-e6d2d973fab5" />
      <TestMethod codeBase="E:\SideProjects\ASAP\Asap\GitJiraConfigurationUnitTests\bin\Debug\GitJiraConfigurationUnitTests.dll" adapterTypeName="Microsoft.VisualStudio.TestTools.TestTypes.Unit.UnitTestAdapter" className="GitJiraConfigurationUnitTests.ConfigurationModelUT" name="Configuraiton_Model_Set_Credentials_Properties" />
    </UnitTest>
    <UnitTest name="Configuraiton_Model_Set_GitConfig_Properties" storage="e:\sideprojects\asap\asap\gitjiraconfigurationunittests\bin\debug\gitjiraconfigurationunittests.dll" id="42c05800-e6e0-f44a-f5b6-62811dc11f8d">
      <Execution id="2371f1cc-58bf-46b6-b329-78bdbf5d2d9d" />
      <TestMethod codeBase="E:\SideProjects\ASAP\Asap\GitJiraConfigurationUnitTests\bin\Debug\GitJiraConfigurationUnitTests.dll" adapterTypeName="Microsoft.VisualStudio.TestTools.TestTypes.Unit.UnitTestAdapter" className="GitJiraConfigurationUnitTests.ConfigurationModelUT" name="Configuraiton_Model_Set_GitConfig_Properties" />
    </UnitTest>
    <UnitTest name="Configuration_Model_Set_JiraConfig_Properties" storage="e:\sideprojects\asap\asap\gitjiraconfigurationunittests\bin\debug\gitjiraconfigurationunittests.dll" id="157f3719-ee92-2d15-7949-f920cf6d3401">
      <Execution id="e0877cc7-ab4b-4ec5-bcdd-bedff5eb0f0d" />
      <TestMethod codeBase="E:\SideProjects\ASAP\Asap\GitJiraConfigurationUnitTests\bin\Debug\GitJiraConfigurationUnitTests.dll" adapterTypeName="Microsoft.VisualStudio.TestTools.TestTypes.Unit.UnitTestAdapter" className="GitJiraConfigurationUnitTests.ConfigurationModelUT" name="Configuration_Model_Set_JiraConfig_Properties" />
    </UnitTest>
    <UnitTest name="Configuration_Model_Can_Save" storage="e:\sideprojects\asap\asap\gitjiraconfigurationunittests\bin\debug\gitjiraconfigurationunittests.dll" id="68475742-8e28-f85a-1f0d-489e8ee715bb">
      <Execution id="7f9550d5-f4bd-4b85-b192-4ee90e7423f2" />
      <TestMethod codeBase="E:\SideProjects\ASAP\Asap\GitJiraConfigurationUnitTests\bin\Debug\GitJiraConfigurationUnitTests.dll" adapterTypeName="Microsoft.VisualStudio.TestTools.TestTypes.Unit.UnitTestAdapter" className="GitJiraConfigurationUnitTests.ConfigurationModelUT" name="Configuration_Model_Can_Save" />
    </UnitTest>
    <UnitTest name="Configuration_Model_Can_Dispose" storage="e:\sideprojects\asap\asap\gitjiraconfigurationunittests\bin\debug\gitjiraconfigurationunittests.dll" id="50fc7a09-661e-a90b-8608-0349ba9ff4e8">
      <Execution id="9a55469d-117e-49bb-8c6e-e0bc603e746b" />
      <TestMethod codeBase="E:\SideProjects\ASAP\Asap\GitJiraConfigurationUnitTests\bin\Debug\GitJiraConfigurationUnitTests.dll" adapterTypeName="Microsoft.VisualStudio.TestTools.TestTypes.Unit.UnitTestAdapter" className="GitJiraConfigurationUnitTests.ConfigurationModelUT" name="Configuration_Model_Can_Dispose" />
    </UnitTest>
  </TestDefinitions>
  <TestEntries>
    <TestEntry testId="f2087339-2266-fe04-793e-6f1f426ef893" executionId="df8cadd9-abcf-4f88-8912-4a9f512c2b73" testListId="8c84fa94-04c1-424b-9868-57a2d4851a1d" />
    <TestEntry testId="60ef5aab-3031-39c3-126a-9ffa62b871c7" executionId="54346ee6-b21e-44e3-b6f3-419af805f7bc" testListId="8c84fa94-04c1-424b-9868-57a2d4851a1d" />
    <TestEntry testId="43aa2226-caa3-684c-df1e-2534c6945391" executionId="f03c8691-09d1-4205-83ee-8975dbe7bcde" testListId="8c84fa94-04c1-424b-9868-57a2d4851a1d" />
    <TestEntry testId="b0a9e5e4-8860-2338-8e7a-7163155ef01b" executionId="f6e9aaf6-9a5c-4ac0-aa65-d767addc4fd7" testListId="8c84fa94-04c1-424b-9868-57a2d4851a1d" />
    <TestEntry testId="bc1f15ea-3ab8-46d8-3ceb-cfdf28cfc8ee" executionId="61ff5532-02a6-4f1c-a138-e6d2d973fab5" testListId="8c84fa94-04c1-424b-9868-57a2d4851a1d" />
    <TestEntry testId="42c05800-e6e0-f44a-f5b6-62811dc11f8d" executionId="2371f1cc-58bf-46b6-b329-78bdbf5d2d9d" testListId="8c84fa94-04c1-424b-9868-57a2d4851a1d" />
    <TestEntry testId="157f3719-ee92-2d15-7949-f920cf6d3401" executionId="e0877cc7-ab4b-4ec5-bcdd-bedff5eb0f0d" testListId="8c84fa94-04c1-424b-9868-57a2d4851a1d" />
    <TestEntry testId="68475742-8e28-f85a-1f0d-489e8ee715bb" executionId="7f9550d5-f4bd-4b85-b192-4ee90e7423f2" testListId="8c84fa94-04c1-424b-9868-57a2d4851a1d" />
    <TestEntry testId="50fc7a09-661e-a90b-8608-0349ba9ff4e8" executionId="9a55469d-117e-49bb-8c6e-e0bc603e746b" testListId="8c84fa94-04c1-424b-9868-57a2d4851a1d" />
  </TestEntries>
  <TestLists>
    <TestList name="Results Not in a List" id="8c84fa94-04c1-424b-9868-57a2d4851a1d" />
    <TestList name="All Loaded Results" id="19431567-8539-422a-85d7-44ee4e166bda" />
  </TestLists>
  <ResultSummary outcome="Completed">
    <Counters total="9" executed="9" passed="9" failed="0" error="0" timeout="0" aborted="0" inconclusive="0" passedButRunAborted="0" notRunnable="0" notExecuted="0" disconnected="0" warning="0" completed="0" inProgress="0" pending="0" />
  </ResultSummary>
</TestRun>