<?xml version="1.0" encoding="UTF-8"?>
<TestRun id="2b56847b-b4e6-4d05-a33c-94a967ed36ac" name="ionut.apostol@P5446 2016-04-06 09:35:09" runUser="P5446\ionut.apostol" xmlns="http://microsoft.com/schemas/VisualStudio/TeamTest/2010">
  <Times creation="2016-04-06T09:35:09.4881171+03:00" queuing="2016-04-06T09:35:09.4901171+03:00" start="2016-04-06T09:35:09.4961171+03:00" finish="2016-04-06T09:35:09.6021171+03:00" />
  <TestSettings name="default" id="99b54ef8-b828-419b-a9de-c6e06498c37b">
    <Execution>
      <TestTypeSpecific />
    </Execution>
    <Deployment runDeploymentRoot="ionut.apostol_P5446 2016-04-06 09_35_09" />
    <Properties />
  </TestSettings>
  <Results>
    <UnitTestResult executionId="4c9e3717-557c-4530-a005-5dcbdfbd22c8" testId="f2087339-2266-fe04-793e-6f1f426ef893" testName="Initialize_Configuration_Model_When_Settings_Is_Empty" computerName="P5446" duration="00:00:00.4555370" startTime="2016-04-06T09:35:08.6841171+03:00" endTime="2016-04-06T09:35:09.3731171+03:00" testType="13cdc9d9-ddb5-4fa4-a97d-d965ccfc6d4b" outcome="Passed" testListId="8c84fa94-04c1-424b-9868-57a2d4851a1d" relativeResultsDirectory="4c9e3717-557c-4530-a005-5dcbdfbd22c8" />
    <UnitTestResult executionId="64bfe7fa-c8bb-432e-96d3-8835abe824ab" testId="e979fa1d-9d8e-ff25-304e-f21db91d8d4e" testName="Initialize_Configuration_Model_Credentials_Not_Null" computerName="P5446" duration="00:00:00.0156941" startTime="2016-04-06T09:35:09.3841171+03:00" endTime="2016-04-06T09:35:09.4001171+03:00" testType="13cdc9d9-ddb5-4fa4-a97d-d965ccfc6d4b" outcome="Passed" testListId="8c84fa94-04c1-424b-9868-57a2d4851a1d" relativeResultsDirectory="64bfe7fa-c8bb-432e-96d3-8835abe824ab" />
    <UnitTestResult executionId="36960dbf-0805-4f3e-b483-8f2d55d5a5d9" testId="b885ed61-cbff-ef0c-32e4-12ea2111f5f6" testName="Initialize_Configuration_Model_JiraConfig_Not_Null" computerName="P5446" duration="00:00:00.0066592" startTime="2016-04-06T09:35:09.4011171+03:00" endTime="2016-04-06T09:35:09.4071171+03:00" testType="13cdc9d9-ddb5-4fa4-a97d-d965ccfc6d4b" outcome="Passed" testListId="8c84fa94-04c1-424b-9868-57a2d4851a1d" relativeResultsDirectory="36960dbf-0805-4f3e-b483-8f2d55d5a5d9" />
    <UnitTestResult executionId="a4f1b766-e426-4e4a-9575-b953562612da" testId="05f26530-bf99-5218-0e90-341f4f808a3a" testName="Initialize_Configuration_Model_GitConfig_Not_Null" computerName="P5446" duration="00:00:00.0058239" startTime="2016-04-06T09:35:09.4071171+03:00" endTime="2016-04-06T09:35:09.4131171+03:00" testType="13cdc9d9-ddb5-4fa4-a97d-d965ccfc6d4b" outcome="Passed" testListId="8c84fa94-04c1-424b-9868-57a2d4851a1d" relativeResultsDirectory="a4f1b766-e426-4e4a-9575-b953562612da" />
  </Results>
  <TestDefinitions>
    <UnitTest name="Initialize_Configuration_Model_When_Settings_Is_Empty" storage="e:\sideprojects\asap\asap\gitjiraconfigurationunittests\bin\debug\gitjiraconfigurationunittests.dll" id="f2087339-2266-fe04-793e-6f1f426ef893">
      <Execution id="4c9e3717-557c-4530-a005-5dcbdfbd22c8" />
      <TestMethod codeBase="E:\SideProjects\ASAP\Asap\GitJiraConfigurationUnitTests\bin\Debug\GitJiraConfigurationUnitTests.dll" adapterTypeName="Microsoft.VisualStudio.TestTools.TestTypes.Unit.UnitTestAdapter" className="GitJiraConfigurationUnitTests.ConfigurationModelUT" name="Initialize_Configuration_Model_When_Settings_Is_Empty" />
    </UnitTest>
    <UnitTest name="Initialize_Configuration_Model_Credentials_Not_Null" storage="e:\sideprojects\asap\asap\gitjiraconfigurationunittests\bin\debug\gitjiraconfigurationunittests.dll" id="e979fa1d-9d8e-ff25-304e-f21db91d8d4e">
      <Execution id="64bfe7fa-c8bb-432e-96d3-8835abe824ab" />
      <TestMethod codeBase="E:\SideProjects\ASAP\Asap\GitJiraConfigurationUnitTests\bin\Debug\GitJiraConfigurationUnitTests.dll" adapterTypeName="Microsoft.VisualStudio.TestTools.TestTypes.Unit.UnitTestAdapter" className="GitJiraConfigurationUnitTests.ConfigurationModelUT" name="Initialize_Configuration_Model_Credentials_Not_Null" />
    </UnitTest>
    <UnitTest name="Initialize_Configuration_Model_JiraConfig_Not_Null" storage="e:\sideprojects\asap\asap\gitjiraconfigurationunittests\bin\debug\gitjiraconfigurationunittests.dll" id="b885ed61-cbff-ef0c-32e4-12ea2111f5f6">
      <Execution id="36960dbf-0805-4f3e-b483-8f2d55d5a5d9" />
      <TestMethod codeBase="E:\SideProjects\ASAP\Asap\GitJiraConfigurationUnitTests\bin\Debug\GitJiraConfigurationUnitTests.dll" adapterTypeName="Microsoft.VisualStudio.TestTools.TestTypes.Unit.UnitTestAdapter" className="GitJiraConfigurationUnitTests.ConfigurationModelUT" name="Initialize_Configuration_Model_JiraConfig_Not_Null" />
    </UnitTest>
    <UnitTest name="Initialize_Configuration_Model_GitConfig_Not_Null" storage="e:\sideprojects\asap\asap\gitjiraconfigurationunittests\bin\debug\gitjiraconfigurationunittests.dll" id="05f26530-bf99-5218-0e90-341f4f808a3a">
      <Execution id="a4f1b766-e426-4e4a-9575-b953562612da" />
      <TestMethod codeBase="E:\SideProjects\ASAP\Asap\GitJiraConfigurationUnitTests\bin\Debug\GitJiraConfigurationUnitTests.dll" adapterTypeName="Microsoft.VisualStudio.TestTools.TestTypes.Unit.UnitTestAdapter" className="GitJiraConfigurationUnitTests.ConfigurationModelUT" name="Initialize_Configuration_Model_GitConfig_Not_Null" />
    </UnitTest>
  </TestDefinitions>
  <TestEntries>
    <TestEntry testId="f2087339-2266-fe04-793e-6f1f426ef893" executionId="4c9e3717-557c-4530-a005-5dcbdfbd22c8" testListId="8c84fa94-04c1-424b-9868-57a2d4851a1d" />
    <TestEntry testId="e979fa1d-9d8e-ff25-304e-f21db91d8d4e" executionId="64bfe7fa-c8bb-432e-96d3-8835abe824ab" testListId="8c84fa94-04c1-424b-9868-57a2d4851a1d" />
    <TestEntry testId="b885ed61-cbff-ef0c-32e4-12ea2111f5f6" executionId="36960dbf-0805-4f3e-b483-8f2d55d5a5d9" testListId="8c84fa94-04c1-424b-9868-57a2d4851a1d" />
    <TestEntry testId="05f26530-bf99-5218-0e90-341f4f808a3a" executionId="a4f1b766-e426-4e4a-9575-b953562612da" testListId="8c84fa94-04c1-424b-9868-57a2d4851a1d" />
  </TestEntries>
  <TestLists>
    <TestList name="Results Not in a List" id="8c84fa94-04c1-424b-9868-57a2d4851a1d" />
    <TestList name="All Loaded Results" id="19431567-8539-422a-85d7-44ee4e166bda" />
  </TestLists>
  <ResultSummary outcome="Completed">
    <Counters total="4" executed="4" passed="4" failed="0" error="0" timeout="0" aborted="0" inconclusive="0" passedButRunAborted="0" notRunnable="0" notExecuted="0" disconnected="0" warning="0" completed="0" inProgress="0" pending="0" />
  </ResultSummary>
</TestRun>