<?xml version="1.0" encoding="UTF-8"?>
<TestRun id="16247af3-7ffc-4e40-950e-7a342c5daab1" name="ionut.apostol@P5446 2016-04-06 10:26:38" runUser="P5446\ionut.apostol" xmlns="http://microsoft.com/schemas/VisualStudio/TeamTest/2010">
  <Times creation="2016-04-06T10:26:38.6626103+03:00" queuing="2016-04-06T10:26:38.6636103+03:00" start="2016-04-06T10:26:38.6706103+03:00" finish="2016-04-06T10:26:38.7706103+03:00" />
  <TestSettings name="default" id="9f47baa3-5d40-4577-ad1e-7dedd066a3e8">
    <Execution>
      <TestTypeSpecific />
    </Execution>
    <Deployment runDeploymentRoot="ionut.apostol_P5446 2016-04-06 10_26_38" />
    <Properties />
  </TestSettings>
  <Results>
    <UnitTestResult executionId="7daa1148-6fa5-4b43-92e0-b8fdc6082755" testId="f2087339-2266-fe04-793e-6f1f426ef893" testName="Initialize_Configuration_Model_When_Settings_Is_Empty" computerName="P5446" duration="00:00:00.3961300" startTime="2016-04-06T10:26:37.8656103+03:00" endTime="2016-04-06T10:26:38.5026103+03:00" testType="13cdc9d9-ddb5-4fa4-a97d-d965ccfc6d4b" outcome="Passed" testListId="8c84fa94-04c1-424b-9868-57a2d4851a1d" relativeResultsDirectory="7daa1148-6fa5-4b43-92e0-b8fdc6082755" />
    <UnitTestResult executionId="4b0fa935-6fdc-405e-9830-baa2d5983c13" testId="60ef5aab-3031-39c3-126a-9ffa62b871c7" testName="Configuration_Model_Credentials_Not_Null" computerName="P5446" duration="00:00:00.0134461" startTime="2016-04-06T10:26:38.5126103+03:00" endTime="2016-04-06T10:26:38.5266103+03:00" testType="13cdc9d9-ddb5-4fa4-a97d-d965ccfc6d4b" outcome="Passed" testListId="8c84fa94-04c1-424b-9868-57a2d4851a1d" relativeResultsDirectory="4b0fa935-6fdc-405e-9830-baa2d5983c13" />
    <UnitTestResult executionId="025f8146-e500-493f-b3f5-092d4fab7e06" testId="43aa2226-caa3-684c-df1e-2534c6945391" testName="Configuration_Model_JiraConfig_Not_Null" computerName="P5446" duration="00:00:00.0055218" startTime="2016-04-06T10:26:38.5266103+03:00" endTime="2016-04-06T10:26:38.5326103+03:00" testType="13cdc9d9-ddb5-4fa4-a97d-d965ccfc6d4b" outcome="Passed" testListId="8c84fa94-04c1-424b-9868-57a2d4851a1d" relativeResultsDirectory="025f8146-e500-493f-b3f5-092d4fab7e06" />
    <UnitTestResult executionId="6c59528f-84eb-4446-8c1d-f458eff979b3" testId="b0a9e5e4-8860-2338-8e7a-7163155ef01b" testName="Configuration_Model_GitConfig_Not_Null" computerName="P5446" duration="00:00:00.0044887" startTime="2016-04-06T10:26:38.5326103+03:00" endTime="2016-04-06T10:26:38.5376103+03:00" testType="13cdc9d9-ddb5-4fa4-a97d-d965ccfc6d4b" outcome="Passed" testListId="8c84fa94-04c1-424b-9868-57a2d4851a1d" relativeResultsDirectory="6c59528f-84eb-4446-8c1d-f458eff979b3" />
    <UnitTestResult executionId="e73217f2-ec74-4959-8fc1-be6e44799a21" testId="bc1f15ea-3ab8-46d8-3ceb-cfdf28cfc8ee" testName="Configuraiton_Model_Set_Credentials_Properties" computerName="P5446" duration="00:00:00.0054691" startTime="2016-04-06T10:26:38.5376103+03:00" endTime="2016-04-06T10:26:38.5436103+03:00" testType="13cdc9d9-ddb5-4fa4-a97d-d965ccfc6d4b" outcome="Passed" testListId="8c84fa94-04c1-424b-9868-57a2d4851a1d" relativeResultsDirectory="e73217f2-ec74-4959-8fc1-be6e44799a21" />
    <UnitTestResult executionId="4e2947cf-b5ff-424f-9538-fd1c9a98d1fa" testId="42c05800-e6e0-f44a-f5b6-62811dc11f8d" testName="Configuraiton_Model_Set_GitConfig_Properties" computerName="P5446" duration="00:00:00.0045376" startTime="2016-04-06T10:26:38.5436103+03:00" endTime="2016-04-06T10:26:38.5476103+03:00" testType="13cdc9d9-ddb5-4fa4-a97d-d965ccfc6d4b" outcome="Passed" testListId="8c84fa94-04c1-424b-9868-57a2d4851a1d" relativeResultsDirectory="4e2947cf-b5ff-424f-9538-fd1c9a98d1fa" />
    <UnitTestResult executionId="9949dde8-189a-425a-a039-d8a8faf1f3a5" testId="157f3719-ee92-2d15-7949-f920cf6d3401" testName="Configuration_Model_Set_JiraConfig_Properties" computerName="P5446" duration="00:00:00.0050459" startTime="2016-04-06T10:26:38.5476103+03:00" endTime="2016-04-06T10:26:38.5536103+03:00" testType="13cdc9d9-ddb5-4fa4-a97d-d965ccfc6d4b" outcome="Passed" testListId="8c84fa94-04c1-424b-9868-57a2d4851a1d" relativeResultsDirectory="9949dde8-189a-425a-a039-d8a8faf1f3a5" />
    <UnitTestResult executionId="362ef9d5-f4f5-4ea0-a87a-81fb0c198abc" testId="68475742-8e28-f85a-1f0d-489e8ee715bb" testName="Configuration_Model_Can_Save" computerName="P5446" duration="00:00:00.0081066" startTime="2016-04-06T10:26:38.5536103+03:00" endTime="2016-04-06T10:26:38.5616103+03:00" testType="13cdc9d9-ddb5-4fa4-a97d-d965ccfc6d4b" outcome="Passed" testListId="8c84fa94-04c1-424b-9868-57a2d4851a1d" relativeResultsDirectory="362ef9d5-f4f5-4ea0-a87a-81fb0c198abc" />
    <UnitTestResult executionId="6c1eaed5-5bd7-4457-bfc2-6e8e3bcc7bb2" testId="50fc7a09-661e-a90b-8608-0349ba9ff4e8" testName="Configuration_Model_Can_Dispose" computerName="P5446" duration="00:00:00.0049539" startTime="2016-04-06T10:26:38.5616103+03:00" endTime="2016-04-06T10:26:38.5666103+03:00" testType="13cdc9d9-ddb5-4fa4-a97d-d965ccfc6d4b" outcome="Passed" testListId="8c84fa94-04c1-424b-9868-57a2d4851a1d" relativeResultsDirectory="6c1eaed5-5bd7-4457-bfc2-6e8e3bcc7bb2" />
  </Results>
  <TestDefinitions>
    <UnitTest name="Initialize_Configuration_Model_When_Settings_Is_Empty" storage="e:\sideprojects\asap\asap\gitjiraconfigurationunittests\bin\debug\gitjiraconfigurationunittests.dll" id="f2087339-2266-fe04-793e-6f1f426ef893">
      <Execution id="7daa1148-6fa5-4b43-92e0-b8fdc6082755" />
      <TestMethod codeBase="E:\SideProjects\ASAP\Asap\GitJiraConfigurationUnitTests\bin\Debug\GitJiraConfigurationUnitTests.dll" adapterTypeName="Microsoft.VisualStudio.TestTools.TestTypes.Unit.UnitTestAdapter" className="GitJiraConfigurationUnitTests.ConfigurationModelUT" name="Initialize_Configuration_Model_When_Settings_Is_Empty" />
    </UnitTest>
    <UnitTest name="Configuration_Model_Credentials_Not_Null" storage="e:\sideprojects\asap\asap\gitjiraconfigurationunittests\bin\debug\gitjiraconfigurationunittests.dll" id="60ef5aab-3031-39c3-126a-9ffa62b871c7">
      <Execution id="4b0fa935-6fdc-405e-9830-baa2d5983c13" />
      <TestMethod codeBase="E:\SideProjects\ASAP\Asap\GitJiraConfigurationUnitTests\bin\Debug\GitJiraConfigurationUnitTests.dll" adapterTypeName="Microsoft.VisualStudio.TestTools.TestTypes.Unit.UnitTestAdapter" className="GitJiraConfigurationUnitTests.ConfigurationModelUT" name="Configuration_Model_Credentials_Not_Null" />
    </UnitTest>
    <UnitTest name="Configuration_Model_JiraConfig_Not_Null" storage="e:\sideprojects\asap\asap\gitjiraconfigurationunittests\bin\debug\gitjiraconfigurationunittests.dll" id="43aa2226-caa3-684c-df1e-2534c6945391">
      <Execution id="025f8146-e500-493f-b3f5-092d4fab7e06" />
      <TestMethod codeBase="E:\SideProjects\ASAP\Asap\GitJiraConfigurationUnitTests\bin\Debug\GitJiraConfigurationUnitTests.dll" adapterTypeName="Microsoft.VisualStudio.TestTools.TestTypes.Unit.UnitTestAdapter" className="GitJiraConfigurationUnitTests.ConfigurationModelUT" name="Configuration_Model_JiraConfig_Not_Null" />
    </UnitTest>
    <UnitTest name="Configuration_Model_GitConfig_Not_Null" storage="e:\sideprojects\asap\asap\gitjiraconfigurationunittests\bin\debug\gitjiraconfigurationunittests.dll" id="b0a9e5e4-8860-2338-8e7a-7163155ef01b">
      <Execution id="6c59528f-84eb-4446-8c1d-f458eff979b3" />
      <TestMethod codeBase="E:\SideProjects\ASAP\Asap\GitJiraConfigurationUnitTests\bin\Debug\GitJiraConfigurationUnitTests.dll" adapterTypeName="Microsoft.VisualStudio.TestTools.TestTypes.Unit.UnitTestAdapter" className="GitJiraConfigurationUnitTests.ConfigurationModelUT" name="Configuration_Model_GitConfig_Not_Null" />
    </UnitTest>
    <UnitTest name="Configuraiton_Model_Set_Credentials_Properties" storage="e:\sideprojects\asap\asap\gitjiraconfigurationunittests\bin\debug\gitjiraconfigurationunittests.dll" id="bc1f15ea-3ab8-46d8-3ceb-cfdf28cfc8ee">
      <Execution id="e73217f2-ec74-4959-8fc1-be6e44799a21" />
      <TestMethod codeBase="E:\SideProjects\ASAP\Asap\GitJiraConfigurationUnitTests\bin\Debug\GitJiraConfigurationUnitTests.dll" adapterTypeName="Microsoft.VisualStudio.TestTools.TestTypes.Unit.UnitTestAdapter" className="GitJiraConfigurationUnitTests.ConfigurationModelUT" name="Configuraiton_Model_Set_Credentials_Properties" />
    </UnitTest>
    <UnitTest name="Configuraiton_Model_Set_GitConfig_Properties" storage="e:\sideprojects\asap\asap\gitjiraconfigurationunittests\bin\debug\gitjiraconfigurationunittests.dll" id="42c05800-e6e0-f44a-f5b6-62811dc11f8d">
      <Execution id="4e2947cf-b5ff-424f-9538-fd1c9a98d1fa" />
      <TestMethod codeBase="E:\SideProjects\ASAP\Asap\GitJiraConfigurationUnitTests\bin\Debug\GitJiraConfigurationUnitTests.dll" adapterTypeName="Microsoft.VisualStudio.TestTools.TestTypes.Unit.UnitTestAdapter" className="GitJiraConfigurationUnitTests.ConfigurationModelUT" name="Configuraiton_Model_Set_GitConfig_Properties" />
    </UnitTest>
    <UnitTest name="Configuration_Model_Set_JiraConfig_Properties" storage="e:\sideprojects\asap\asap\gitjiraconfigurationunittests\bin\debug\gitjiraconfigurationunittests.dll" id="157f3719-ee92-2d15-7949-f920cf6d3401">
      <Execution id="9949dde8-189a-425a-a039-d8a8faf1f3a5" />
      <TestMethod codeBase="E:\SideProjects\ASAP\Asap\GitJiraConfigurationUnitTests\bin\Debug\GitJiraConfigurationUnitTests.dll" adapterTypeName="Microsoft.VisualStudio.TestTools.TestTypes.Unit.UnitTestAdapter" className="GitJiraConfigurationUnitTests.ConfigurationModelUT" name="Configuration_Model_Set_JiraConfig_Properties" />
    </UnitTest>
    <UnitTest name="Configuration_Model_Can_Save" storage="e:\sideprojects\asap\asap\gitjiraconfigurationunittests\bin\debug\gitjiraconfigurationunittests.dll" id="68475742-8e28-f85a-1f0d-489e8ee715bb">
      <Execution id="362ef9d5-f4f5-4ea0-a87a-81fb0c198abc" />
      <TestMethod codeBase="E:\SideProjects\ASAP\Asap\GitJiraConfigurationUnitTests\bin\Debug\GitJiraConfigurationUnitTests.dll" adapterTypeName="Microsoft.VisualStudio.TestTools.TestTypes.Unit.UnitTestAdapter" className="GitJiraConfigurationUnitTests.ConfigurationModelUT" name="Configuration_Model_Can_Save" />
    </UnitTest>
    <UnitTest name="Configuration_Model_Can_Dispose" storage="e:\sideprojects\asap\asap\gitjiraconfigurationunittests\bin\debug\gitjiraconfigurationunittests.dll" id="50fc7a09-661e-a90b-8608-0349ba9ff4e8">
      <Execution id="6c1eaed5-5bd7-4457-bfc2-6e8e3bcc7bb2" />
      <TestMethod codeBase="E:\SideProjects\ASAP\Asap\GitJiraConfigurationUnitTests\bin\Debug\GitJiraConfigurationUnitTests.dll" adapterTypeName="Microsoft.VisualStudio.TestTools.TestTypes.Unit.UnitTestAdapter" className="GitJiraConfigurationUnitTests.ConfigurationModelUT" name="Configuration_Model_Can_Dispose" />
    </UnitTest>
  </TestDefinitions>
  <TestEntries>
    <TestEntry testId="f2087339-2266-fe04-793e-6f1f426ef893" executionId="7daa1148-6fa5-4b43-92e0-b8fdc6082755" testListId="8c84fa94-04c1-424b-9868-57a2d4851a1d" />
    <TestEntry testId="60ef5aab-3031-39c3-126a-9ffa62b871c7" executionId="4b0fa935-6fdc-405e-9830-baa2d5983c13" testListId="8c84fa94-04c1-424b-9868-57a2d4851a1d" />
    <TestEntry testId="43aa2226-caa3-684c-df1e-2534c6945391" executionId="025f8146-e500-493f-b3f5-092d4fab7e06" testListId="8c84fa94-04c1-424b-9868-57a2d4851a1d" />
    <TestEntry testId="b0a9e5e4-8860-2338-8e7a-7163155ef01b" executionId="6c59528f-84eb-4446-8c1d-f458eff979b3" testListId="8c84fa94-04c1-424b-9868-57a2d4851a1d" />
    <TestEntry testId="bc1f15ea-3ab8-46d8-3ceb-cfdf28cfc8ee" executionId="e73217f2-ec74-4959-8fc1-be6e44799a21" testListId="8c84fa94-04c1-424b-9868-57a2d4851a1d" />
    <TestEntry testId="42c05800-e6e0-f44a-f5b6-62811dc11f8d" executionId="4e2947cf-b5ff-424f-9538-fd1c9a98d1fa" testListId="8c84fa94-04c1-424b-9868-57a2d4851a1d" />
    <TestEntry testId="157f3719-ee92-2d15-7949-f920cf6d3401" executionId="9949dde8-189a-425a-a039-d8a8faf1f3a5" testListId="8c84fa94-04c1-424b-9868-57a2d4851a1d" />
    <TestEntry testId="68475742-8e28-f85a-1f0d-489e8ee715bb" executionId="362ef9d5-f4f5-4ea0-a87a-81fb0c198abc" testListId="8c84fa94-04c1-424b-9868-57a2d4851a1d" />
    <TestEntry testId="50fc7a09-661e-a90b-8608-0349ba9ff4e8" executionId="6c1eaed5-5bd7-4457-bfc2-6e8e3bcc7bb2" testListId="8c84fa94-04c1-424b-9868-57a2d4851a1d" />
  </TestEntries>
  <TestLists>
    <TestList name="Results Not in a List" id="8c84fa94-04c1-424b-9868-57a2d4851a1d" />
    <TestList name="All Loaded Results" id="19431567-8539-422a-85d7-44ee4e166bda" />
  </TestLists>
  <ResultSummary outcome="Completed">
    <Counters total="9" executed="9" passed="9" failed="0" error="0" timeout="0" aborted="0" inconclusive="0" passedButRunAborted="0" notRunnable="0" notExecuted="0" disconnected="0" warning="0" completed="0" inProgress="0" pending="0" />
  </ResultSummary>
</TestRun>