<?xml version="1.0" encoding="UTF-8"?>
<TestRun id="4c5c66ca-ff77-42a1-a0f2-37f3d9b8610e" name="ionut.apostol@P5446 2016-04-05 17:32:15" runUser="P5446\ionut.apostol" xmlns="http://microsoft.com/schemas/VisualStudio/TeamTest/2010">
  <Times creation="2016-04-05T17:32:15.6385564+03:00" queuing="2016-04-05T17:32:15.6405564+03:00" start="2016-04-05T17:32:15.6465564+03:00" finish="2016-04-05T17:32:15.7515564+03:00" />
  <TestSettings name="default" id="b1233338-1764-4b12-804e-cfb13f085ecb">
    <Execution>
      <TestTypeSpecific />
    </Execution>
    <Deployment runDeploymentRoot="ionut.apostol_P5446 2016-04-05 17_32_15" />
    <Properties />
  </TestSettings>
  <Results>
    <UnitTestResult executionId="7dc81f85-aae7-4571-bf83-61a2a34bd5f0" testId="f2087339-2266-fe04-793e-6f1f426ef893" testName="Initialize_Configuration_Model_When_Settings_Is_Empty" computerName="P5446" duration="00:00:00.4028755" startTime="2016-04-05T17:32:14.8765564+03:00" endTime="2016-04-05T17:32:15.5345564+03:00" testType="13cdc9d9-ddb5-4fa4-a97d-d965ccfc6d4b" outcome="Passed" testListId="8c84fa94-04c1-424b-9868-57a2d4851a1d" relativeResultsDirectory="7dc81f85-aae7-4571-bf83-61a2a34bd5f0" />
    <UnitTestResult executionId="5baed3f9-6e03-46a9-9aab-2f9db634c72c" testId="f17ee84a-98af-5d0b-1157-6bb43f085980" testName="Initialize_Configuration_Model_When_Settings_Is_Filled_CredentialsNotNull" computerName="P5446" duration="00:00:00.0129153" startTime="2016-04-05T17:32:15.5445564+03:00" endTime="2016-04-05T17:32:15.5575564+03:00" testType="13cdc9d9-ddb5-4fa4-a97d-d965ccfc6d4b" outcome="Passed" testListId="8c84fa94-04c1-424b-9868-57a2d4851a1d" relativeResultsDirectory="5baed3f9-6e03-46a9-9aab-2f9db634c72c" />
    <UnitTestResult executionId="d380aad4-e296-4491-8f6b-0f15977fc58f" testId="d10642cd-402a-6e78-ae99-9d61afe71bd3" testName="Initialize_Configuration_Model_When_Settings_Is_Filled_GitConfigNotNull" computerName="P5446" duration="00:00:00.0055014" startTime="2016-04-05T17:32:15.5585564+03:00" endTime="2016-04-05T17:32:15.5635564+03:00" testType="13cdc9d9-ddb5-4fa4-a97d-d965ccfc6d4b" outcome="Passed" testListId="8c84fa94-04c1-424b-9868-57a2d4851a1d" relativeResultsDirectory="d380aad4-e296-4491-8f6b-0f15977fc58f" />
  </Results>
  <TestDefinitions>
    <UnitTest name="Initialize_Configuration_Model_When_Settings_Is_Empty" storage="e:\sideprojects\asap\asap\gitjiraconfigurationunittests\bin\debug\gitjiraconfigurationunittests.dll" id="f2087339-2266-fe04-793e-6f1f426ef893">
      <Execution id="7dc81f85-aae7-4571-bf83-61a2a34bd5f0" />
      <TestMethod codeBase="E:\SideProjects\ASAP\Asap\GitJiraConfigurationUnitTests\bin\Debug\GitJiraConfigurationUnitTests.dll" adapterTypeName="Microsoft.VisualStudio.TestTools.TestTypes.Unit.UnitTestAdapter" className="GitJiraConfigurationUnitTests.ConfigurationModelUT" name="Initialize_Configuration_Model_When_Settings_Is_Empty" />
    </UnitTest>
    <UnitTest name="Initialize_Configuration_Model_When_Settings_Is_Filled_CredentialsNotNull" storage="e:\sideprojects\asap\asap\gitjiraconfigurationunittests\bin\debug\gitjiraconfigurationunittests.dll" id="f17ee84a-98af-5d0b-1157-6bb43f085980">
      <Execution id="5baed3f9-6e03-46a9-9aab-2f9db634c72c" />
      <TestMethod codeBase="E:\SideProjects\ASAP\Asap\GitJiraConfigurationUnitTests\bin\Debug\GitJiraConfigurationUnitTests.dll" adapterTypeName="Microsoft.VisualStudio.TestTools.TestTypes.Unit.UnitTestAdapter" className="GitJiraConfigurationUnitTests.ConfigurationModelUT" name="Initialize_Configuration_Model_When_Settings_Is_Filled_CredentialsNotNull" />
    </UnitTest>
    <UnitTest name="Initialize_Configuration_Model_When_Settings_Is_Filled_GitConfigNotNull" storage="e:\sideprojects\asap\asap\gitjiraconfigurationunittests\bin\debug\gitjiraconfigurationunittests.dll" id="d10642cd-402a-6e78-ae99-9d61afe71bd3">
      <Execution id="d380aad4-e296-4491-8f6b-0f15977fc58f" />
      <TestMethod codeBase="E:\SideProjects\ASAP\Asap\GitJiraConfigurationUnitTests\bin\Debug\GitJiraConfigurationUnitTests.dll" adapterTypeName="Microsoft.VisualStudio.TestTools.TestTypes.Unit.UnitTestAdapter" className="GitJiraConfigurationUnitTests.ConfigurationModelUT" name="Initialize_Configuration_Model_When_Settings_Is_Filled_GitConfigNotNull" />
    </UnitTest>
  </TestDefinitions>
  <TestEntries>
    <TestEntry testId="f2087339-2266-fe04-793e-6f1f426ef893" executionId="7dc81f85-aae7-4571-bf83-61a2a34bd5f0" testListId="8c84fa94-04c1-424b-9868-57a2d4851a1d" />
    <TestEntry testId="f17ee84a-98af-5d0b-1157-6bb43f085980" executionId="5baed3f9-6e03-46a9-9aab-2f9db634c72c" testListId="8c84fa94-04c1-424b-9868-57a2d4851a1d" />
    <TestEntry testId="d10642cd-402a-6e78-ae99-9d61afe71bd3" executionId="d380aad4-e296-4491-8f6b-0f15977fc58f" testListId="8c84fa94-04c1-424b-9868-57a2d4851a1d" />
  </TestEntries>
  <TestLists>
    <TestList name="Results Not in a List" id="8c84fa94-04c1-424b-9868-57a2d4851a1d" />
    <TestList name="All Loaded Results" id="19431567-8539-422a-85d7-44ee4e166bda" />
  </TestLists>
  <ResultSummary outcome="Completed">
    <Counters total="3" executed="3" passed="3" failed="0" error="0" timeout="0" aborted="0" inconclusive="0" passedButRunAborted="0" notRunnable="0" notExecuted="0" disconnected="0" warning="0" completed="0" inProgress="0" pending="0" />
  </ResultSummary>
</TestRun>