<?xml version="1.0" encoding="UTF-8"?>
<TestRun id="2264e62d-2393-409d-bfa2-21c538079b23" name="ionut.apostol@P5446 2016-04-06 10:46:56" runUser="P5446\ionut.apostol" xmlns="http://microsoft.com/schemas/VisualStudio/TeamTest/2010">
  <Times creation="2016-04-06T10:46:56.7334210+03:00" queuing="2016-04-06T10:46:56.7354212+03:00" start="2016-04-06T10:46:56.7434220+03:00" finish="2016-04-06T10:46:56.8654342+03:00" />
  <TestSettings name="default" id="d9ee563c-0875-4fb7-9b57-54c7c39dd40c">
    <Execution>
      <TestTypeSpecific />
    </Execution>
    <Deployment runDeploymentRoot="ionut.apostol_P5446 2016-04-06 10_46_56" />
    <Properties />
  </TestSettings>
  <Results>
    <UnitTestResult executionId="b421df83-37fc-4a06-a224-23c4e3f1e513" testId="f2087339-2266-fe04-793e-6f1f426ef893" testName="Initialize_Configuration_Model_When_Settings_Is_Empty" computerName="P5446" duration="00:00:00.4275053" startTime="2016-04-06T10:46:55.8673344+03:00" endTime="2016-04-06T10:46:56.5424019+03:00" testType="13cdc9d9-ddb5-4fa4-a97d-d965ccfc6d4b" outcome="Passed" testListId="8c84fa94-04c1-424b-9868-57a2d4851a1d" relativeResultsDirectory="b421df83-37fc-4a06-a224-23c4e3f1e513" />
    <UnitTestResult executionId="2fccac4f-3c8c-48b7-93a2-4a565bd8f023" testId="60ef5aab-3031-39c3-126a-9ffa62b871c7" testName="Configuration_Model_Credentials_Not_Null" computerName="P5446" duration="00:00:00.0149447" startTime="2016-04-06T10:46:56.5544031+03:00" endTime="2016-04-06T10:46:56.5694046+03:00" testType="13cdc9d9-ddb5-4fa4-a97d-d965ccfc6d4b" outcome="Passed" testListId="8c84fa94-04c1-424b-9868-57a2d4851a1d" relativeResultsDirectory="2fccac4f-3c8c-48b7-93a2-4a565bd8f023" />
    <UnitTestResult executionId="6bab8c96-ec24-438b-9937-c0cc3f0bfc4b" testId="43aa2226-caa3-684c-df1e-2534c6945391" testName="Configuration_Model_JiraConfig_Not_Null" computerName="P5446" duration="00:00:00.0052839" startTime="2016-04-06T10:46:56.5694046+03:00" endTime="2016-04-06T10:46:56.5754052+03:00" testType="13cdc9d9-ddb5-4fa4-a97d-d965ccfc6d4b" outcome="Passed" testListId="8c84fa94-04c1-424b-9868-57a2d4851a1d" relativeResultsDirectory="6bab8c96-ec24-438b-9937-c0cc3f0bfc4b" />
    <UnitTestResult executionId="3c11b7c4-672a-4221-90e8-e74e8d1c9bb5" testId="b0a9e5e4-8860-2338-8e7a-7163155ef01b" testName="Configuration_Model_GitConfig_Not_Null" computerName="P5446" duration="00:00:00.0045892" startTime="2016-04-06T10:46:56.5754052+03:00" endTime="2016-04-06T10:46:56.5794056+03:00" testType="13cdc9d9-ddb5-4fa4-a97d-d965ccfc6d4b" outcome="Passed" testListId="8c84fa94-04c1-424b-9868-57a2d4851a1d" relativeResultsDirectory="3c11b7c4-672a-4221-90e8-e74e8d1c9bb5" />
    <UnitTestResult executionId="89abfaba-11b8-4dea-8c9e-0f6439ac98da" testId="bc1f15ea-3ab8-46d8-3ceb-cfdf28cfc8ee" testName="Configuraiton_Model_Set_Credentials_Properties" computerName="P5446" duration="00:00:00.0055358" startTime="2016-04-06T10:46:56.5804057+03:00" endTime="2016-04-06T10:46:56.5854062+03:00" testType="13cdc9d9-ddb5-4fa4-a97d-d965ccfc6d4b" outcome="Passed" testListId="8c84fa94-04c1-424b-9868-57a2d4851a1d" relativeResultsDirectory="89abfaba-11b8-4dea-8c9e-0f6439ac98da" />
    <UnitTestResult executionId="3925402e-a03e-4e87-859d-c5fb15f731d6" testId="42c05800-e6e0-f44a-f5b6-62811dc11f8d" testName="Configuraiton_Model_Set_GitConfig_Properties" computerName="P5446" duration="00:00:00.0047051" startTime="2016-04-06T10:46:56.5854062+03:00" endTime="2016-04-06T10:46:56.5904067+03:00" testType="13cdc9d9-ddb5-4fa4-a97d-d965ccfc6d4b" outcome="Passed" testListId="8c84fa94-04c1-424b-9868-57a2d4851a1d" relativeResultsDirectory="3925402e-a03e-4e87-859d-c5fb15f731d6" />
    <UnitTestResult executionId="39d687c9-742e-4c96-a762-9ac63785e6b2" testId="157f3719-ee92-2d15-7949-f920cf6d3401" testName="Configuration_Model_Set_JiraConfig_Properties" computerName="P5446" duration="00:00:00.0050322" startTime="2016-04-06T10:46:56.5904067+03:00" endTime="2016-04-06T10:46:56.5964073+03:00" testType="13cdc9d9-ddb5-4fa4-a97d-d965ccfc6d4b" outcome="Passed" testListId="8c84fa94-04c1-424b-9868-57a2d4851a1d" relativeResultsDirectory="39d687c9-742e-4c96-a762-9ac63785e6b2" />
    <UnitTestResult executionId="a39d396e-cf4c-428d-a90d-cf2b3efd78b0" testId="68475742-8e28-f85a-1f0d-489e8ee715bb" testName="Configuration_Model_Can_Save" computerName="P5446" duration="00:00:00.0078462" startTime="2016-04-06T10:46:56.5964073+03:00" endTime="2016-04-06T10:46:56.6044081+03:00" testType="13cdc9d9-ddb5-4fa4-a97d-d965ccfc6d4b" outcome="Passed" testListId="8c84fa94-04c1-424b-9868-57a2d4851a1d" relativeResultsDirectory="a39d396e-cf4c-428d-a90d-cf2b3efd78b0" />
    <UnitTestResult executionId="50d0e277-cbfd-40a7-91ba-22ebebececce" testId="50fc7a09-661e-a90b-8608-0349ba9ff4e8" testName="Configuration_Model_Can_Dispose" computerName="P5446" duration="00:00:00.0049673" startTime="2016-04-06T10:46:56.6044081+03:00" endTime="2016-04-06T10:46:56.6094086+03:00" testType="13cdc9d9-ddb5-4fa4-a97d-d965ccfc6d4b" outcome="Passed" testListId="8c84fa94-04c1-424b-9868-57a2d4851a1d" relativeResultsDirectory="50d0e277-cbfd-40a7-91ba-22ebebececce" />
    <UnitTestResult executionId="09dddb7b-42e1-4585-9800-3f06127e19b8" testId="13d44de5-de05-fa0e-c3c4-f99ff2c728a6" testName="Security_Can_Encrypt" computerName="P5446" duration="00:00:00.0104399" startTime="2016-04-06T10:46:56.6664143+03:00" endTime="2016-04-06T10:46:56.7084185+03:00" testType="13cdc9d9-ddb5-4fa4-a97d-d965ccfc6d4b" outcome="Passed" testListId="8c84fa94-04c1-424b-9868-57a2d4851a1d" relativeResultsDirectory="09dddb7b-42e1-4585-9800-3f06127e19b8" />
    <UnitTestResult executionId="26730e0f-afbb-4475-8f09-9c92d7544de8" testId="e1ad288d-8985-77a8-22df-acc6bc40ddca" testName="Security_Can_Decrypt" computerName="P5446" duration="00:00:00.0018815" startTime="2016-04-06T10:46:56.7084185+03:00" endTime="2016-04-06T10:46:56.7104187+03:00" testType="13cdc9d9-ddb5-4fa4-a97d-d965ccfc6d4b" outcome="Passed" testListId="8c84fa94-04c1-424b-9868-57a2d4851a1d" relativeResultsDirectory="26730e0f-afbb-4475-8f09-9c92d7544de8" />
    <UnitTestResult executionId="5804bb9f-c1a5-49cf-8a1d-8adbf180cb8c" testId="7c54ff20-6a90-ec08-11a4-95c63f4a5ed0" testName="Security_Can_Not_Decrypt" computerName="P5446" duration="00:00:00.0622331" startTime="2016-04-06T10:46:56.7104187+03:00" endTime="2016-04-06T10:46:56.7734250+03:00" testType="13cdc9d9-ddb5-4fa4-a97d-d965ccfc6d4b" outcome="Failed" testListId="8c84fa94-04c1-424b-9868-57a2d4851a1d" relativeResultsDirectory="5804bb9f-c1a5-49cf-8a1d-8adbf180cb8c">
      <Output>
        <ErrorInfo>
          <Message>Test method SecurityUT.UnitTest1.Security_Can_Not_Decrypt threw exception System.FormatException, but exception System.Exception was expected. Exception message: System.FormatException: Invalid length for a Base-64 char array or string.</Message>
          <StackTrace>    at System.Convert.FromBase64_Decode(Char* startInputPtr, Int32 inputLength, Byte* startDestPtr, Int32 destLength)
   at System.Convert.FromBase64CharPtr(Char* inputPtr, Int32 inputLength)
   at System.Convert.FromBase64String(String s)
   at Security.Cryptography.Decrypt[T](String value, String password) in E:\SideProjects\ASAP\Asap\Security\Cryptography.cs:line 63
   at Security.SecurityExtensions.Decrypt(String value) in E:\SideProjects\ASAP\Asap\Security\SecurityExtensions.cs:line 22
   at SecurityUT.UnitTest1.Security_Can_Not_Decrypt() in E:\SideProjects\ASAP\Asap\SecurityUT\UnitTest1.cs:line 32
</StackTrace>
        </ErrorInfo>
      </Output>
    </UnitTestResult>
  </Results>
  <TestDefinitions>
    <UnitTest name="Initialize_Configuration_Model_When_Settings_Is_Empty" storage="e:\sideprojects\asap\asap\gitjiraconfigurationunittests\bin\debug\gitjiraconfigurationunittests.dll" id="f2087339-2266-fe04-793e-6f1f426ef893">
      <Execution id="b421df83-37fc-4a06-a224-23c4e3f1e513" />
      <TestMethod codeBase="E:\SideProjects\ASAP\Asap\GitJiraConfigurationUnitTests\bin\Debug\GitJiraConfigurationUnitTests.dll" adapterTypeName="Microsoft.VisualStudio.TestTools.TestTypes.Unit.UnitTestAdapter" className="GitJiraConfigurationUnitTests.ConfigurationModelUT" name="Initialize_Configuration_Model_When_Settings_Is_Empty" />
    </UnitTest>
    <UnitTest name="Configuration_Model_Credentials_Not_Null" storage="e:\sideprojects\asap\asap\gitjiraconfigurationunittests\bin\debug\gitjiraconfigurationunittests.dll" id="60ef5aab-3031-39c3-126a-9ffa62b871c7">
      <Execution id="2fccac4f-3c8c-48b7-93a2-4a565bd8f023" />
      <TestMethod codeBase="E:\SideProjects\ASAP\Asap\GitJiraConfigurationUnitTests\bin\Debug\GitJiraConfigurationUnitTests.dll" adapterTypeName="Microsoft.VisualStudio.TestTools.TestTypes.Unit.UnitTestAdapter" className="GitJiraConfigurationUnitTests.ConfigurationModelUT" name="Configuration_Model_Credentials_Not_Null" />
    </UnitTest>
    <UnitTest name="Configuration_Model_JiraConfig_Not_Null" storage="e:\sideprojects\asap\asap\gitjiraconfigurationunittests\bin\debug\gitjiraconfigurationunittests.dll" id="43aa2226-caa3-684c-df1e-2534c6945391">
      <Execution id="6bab8c96-ec24-438b-9937-c0cc3f0bfc4b" />
      <TestMethod codeBase="E:\SideProjects\ASAP\Asap\GitJiraConfigurationUnitTests\bin\Debug\GitJiraConfigurationUnitTests.dll" adapterTypeName="Microsoft.VisualStudio.TestTools.TestTypes.Unit.UnitTestAdapter" className="GitJiraConfigurationUnitTests.ConfigurationModelUT" name="Configuration_Model_JiraConfig_Not_Null" />
    </UnitTest>
    <UnitTest name="Configuration_Model_GitConfig_Not_Null" storage="e:\sideprojects\asap\asap\gitjiraconfigurationunittests\bin\debug\gitjiraconfigurationunittests.dll" id="b0a9e5e4-8860-2338-8e7a-7163155ef01b">
      <Execution id="3c11b7c4-672a-4221-90e8-e74e8d1c9bb5" />
      <TestMethod codeBase="E:\SideProjects\ASAP\Asap\GitJiraConfigurationUnitTests\bin\Debug\GitJiraConfigurationUnitTests.dll" adapterTypeName="Microsoft.VisualStudio.TestTools.TestTypes.Unit.UnitTestAdapter" className="GitJiraConfigurationUnitTests.ConfigurationModelUT" name="Configuration_Model_GitConfig_Not_Null" />
    </UnitTest>
    <UnitTest name="Configuraiton_Model_Set_Credentials_Properties" storage="e:\sideprojects\asap\asap\gitjiraconfigurationunittests\bin\debug\gitjiraconfigurationunittests.dll" id="bc1f15ea-3ab8-46d8-3ceb-cfdf28cfc8ee">
      <Execution id="89abfaba-11b8-4dea-8c9e-0f6439ac98da" />
      <TestMethod codeBase="E:\SideProjects\ASAP\Asap\GitJiraConfigurationUnitTests\bin\Debug\GitJiraConfigurationUnitTests.dll" adapterTypeName="Microsoft.VisualStudio.TestTools.TestTypes.Unit.UnitTestAdapter" className="GitJiraConfigurationUnitTests.ConfigurationModelUT" name="Configuraiton_Model_Set_Credentials_Properties" />
    </UnitTest>
    <UnitTest name="Configuraiton_Model_Set_GitConfig_Properties" storage="e:\sideprojects\asap\asap\gitjiraconfigurationunittests\bin\debug\gitjiraconfigurationunittests.dll" id="42c05800-e6e0-f44a-f5b6-62811dc11f8d">
      <Execution id="3925402e-a03e-4e87-859d-c5fb15f731d6" />
      <TestMethod codeBase="E:\SideProjects\ASAP\Asap\GitJiraConfigurationUnitTests\bin\Debug\GitJiraConfigurationUnitTests.dll" adapterTypeName="Microsoft.VisualStudio.TestTools.TestTypes.Unit.UnitTestAdapter" className="GitJiraConfigurationUnitTests.ConfigurationModelUT" name="Configuraiton_Model_Set_GitConfig_Properties" />
    </UnitTest>
    <UnitTest name="Configuration_Model_Set_JiraConfig_Properties" storage="e:\sideprojects\asap\asap\gitjiraconfigurationunittests\bin\debug\gitjiraconfigurationunittests.dll" id="157f3719-ee92-2d15-7949-f920cf6d3401">
      <Execution id="39d687c9-742e-4c96-a762-9ac63785e6b2" />
      <TestMethod codeBase="E:\SideProjects\ASAP\Asap\GitJiraConfigurationUnitTests\bin\Debug\GitJiraConfigurationUnitTests.dll" adapterTypeName="Microsoft.VisualStudio.TestTools.TestTypes.Unit.UnitTestAdapter" className="GitJiraConfigurationUnitTests.ConfigurationModelUT" name="Configuration_Model_Set_JiraConfig_Properties" />
    </UnitTest>
    <UnitTest name="Configuration_Model_Can_Save" storage="e:\sideprojects\asap\asap\gitjiraconfigurationunittests\bin\debug\gitjiraconfigurationunittests.dll" id="68475742-8e28-f85a-1f0d-489e8ee715bb">
      <Execution id="a39d396e-cf4c-428d-a90d-cf2b3efd78b0" />
      <TestMethod codeBase="E:\SideProjects\ASAP\Asap\GitJiraConfigurationUnitTests\bin\Debug\GitJiraConfigurationUnitTests.dll" adapterTypeName="Microsoft.VisualStudio.TestTools.TestTypes.Unit.UnitTestAdapter" className="GitJiraConfigurationUnitTests.ConfigurationModelUT" name="Configuration_Model_Can_Save" />
    </UnitTest>
    <UnitTest name="Configuration_Model_Can_Dispose" storage="e:\sideprojects\asap\asap\gitjiraconfigurationunittests\bin\debug\gitjiraconfigurationunittests.dll" id="50fc7a09-661e-a90b-8608-0349ba9ff4e8">
      <Execution id="50d0e277-cbfd-40a7-91ba-22ebebececce" />
      <TestMethod codeBase="E:\SideProjects\ASAP\Asap\GitJiraConfigurationUnitTests\bin\Debug\GitJiraConfigurationUnitTests.dll" adapterTypeName="Microsoft.VisualStudio.TestTools.TestTypes.Unit.UnitTestAdapter" className="GitJiraConfigurationUnitTests.ConfigurationModelUT" name="Configuration_Model_Can_Dispose" />
    </UnitTest>
    <UnitTest name="Security_Can_Encrypt" storage="e:\sideprojects\asap\asap\securityut\bin\debug\securityut.dll" id="13d44de5-de05-fa0e-c3c4-f99ff2c728a6">
      <Execution id="09dddb7b-42e1-4585-9800-3f06127e19b8" />
      <TestMethod codeBase="E:\SideProjects\ASAP\Asap\SecurityUT\bin\Debug\SecurityUT.dll" adapterTypeName="Microsoft.VisualStudio.TestTools.TestTypes.Unit.UnitTestAdapter" className="SecurityUT.UnitTest1" name="Security_Can_Encrypt" />
    </UnitTest>
    <UnitTest name="Security_Can_Decrypt" storage="e:\sideprojects\asap\asap\securityut\bin\debug\securityut.dll" id="e1ad288d-8985-77a8-22df-acc6bc40ddca">
      <Execution id="26730e0f-afbb-4475-8f09-9c92d7544de8" />
      <TestMethod codeBase="E:\SideProjects\ASAP\Asap\SecurityUT\bin\Debug\SecurityUT.dll" adapterTypeName="Microsoft.VisualStudio.TestTools.TestTypes.Unit.UnitTestAdapter" className="SecurityUT.UnitTest1" name="Security_Can_Decrypt" />
    </UnitTest>
    <UnitTest name="Security_Can_Not_Decrypt" storage="e:\sideprojects\asap\asap\securityut\bin\debug\securityut.dll" id="7c54ff20-6a90-ec08-11a4-95c63f4a5ed0">
      <Execution id="5804bb9f-c1a5-49cf-8a1d-8adbf180cb8c" />
      <TestMethod codeBase="E:\SideProjects\ASAP\Asap\SecurityUT\bin\Debug\SecurityUT.dll" adapterTypeName="Microsoft.VisualStudio.TestTools.TestTypes.Unit.UnitTestAdapter" className="SecurityUT.UnitTest1" name="Security_Can_Not_Decrypt" />
    </UnitTest>
  </TestDefinitions>
  <TestEntries>
    <TestEntry testId="f2087339-2266-fe04-793e-6f1f426ef893" executionId="b421df83-37fc-4a06-a224-23c4e3f1e513" testListId="8c84fa94-04c1-424b-9868-57a2d4851a1d" />
    <TestEntry testId="60ef5aab-3031-39c3-126a-9ffa62b871c7" executionId="2fccac4f-3c8c-48b7-93a2-4a565bd8f023" testListId="8c84fa94-04c1-424b-9868-57a2d4851a1d" />
    <TestEntry testId="43aa2226-caa3-684c-df1e-2534c6945391" executionId="6bab8c96-ec24-438b-9937-c0cc3f0bfc4b" testListId="8c84fa94-04c1-424b-9868-57a2d4851a1d" />
    <TestEntry testId="b0a9e5e4-8860-2338-8e7a-7163155ef01b" executionId="3c11b7c4-672a-4221-90e8-e74e8d1c9bb5" testListId="8c84fa94-04c1-424b-9868-57a2d4851a1d" />
    <TestEntry testId="bc1f15ea-3ab8-46d8-3ceb-cfdf28cfc8ee" executionId="89abfaba-11b8-4dea-8c9e-0f6439ac98da" testListId="8c84fa94-04c1-424b-9868-57a2d4851a1d" />
    <TestEntry testId="42c05800-e6e0-f44a-f5b6-62811dc11f8d" executionId="3925402e-a03e-4e87-859d-c5fb15f731d6" testListId="8c84fa94-04c1-424b-9868-57a2d4851a1d" />
    <TestEntry testId="157f3719-ee92-2d15-7949-f920cf6d3401" executionId="39d687c9-742e-4c96-a762-9ac63785e6b2" testListId="8c84fa94-04c1-424b-9868-57a2d4851a1d" />
    <TestEntry testId="68475742-8e28-f85a-1f0d-489e8ee715bb" executionId="a39d396e-cf4c-428d-a90d-cf2b3efd78b0" testListId="8c84fa94-04c1-424b-9868-57a2d4851a1d" />
    <TestEntry testId="50fc7a09-661e-a90b-8608-0349ba9ff4e8" executionId="50d0e277-cbfd-40a7-91ba-22ebebececce" testListId="8c84fa94-04c1-424b-9868-57a2d4851a1d" />
    <TestEntry testId="13d44de5-de05-fa0e-c3c4-f99ff2c728a6" executionId="09dddb7b-42e1-4585-9800-3f06127e19b8" testListId="8c84fa94-04c1-424b-9868-57a2d4851a1d" />
    <TestEntry testId="e1ad288d-8985-77a8-22df-acc6bc40ddca" executionId="26730e0f-afbb-4475-8f09-9c92d7544de8" testListId="8c84fa94-04c1-424b-9868-57a2d4851a1d" />
    <TestEntry testId="7c54ff20-6a90-ec08-11a4-95c63f4a5ed0" executionId="5804bb9f-c1a5-49cf-8a1d-8adbf180cb8c" testListId="8c84fa94-04c1-424b-9868-57a2d4851a1d" />
  </TestEntries>
  <TestLists>
    <TestList name="Results Not in a List" id="8c84fa94-04c1-424b-9868-57a2d4851a1d" />
    <TestList name="All Loaded Results" id="19431567-8539-422a-85d7-44ee4e166bda" />
  </TestLists>
  <ResultSummary outcome="Failed">
    <Counters total="12" executed="12" passed="11" failed="1" error="0" timeout="0" aborted="0" inconclusive="0" passedButRunAborted="0" notRunnable="0" notExecuted="0" disconnected="0" warning="0" completed="0" inProgress="0" pending="0" />
  </ResultSummary>
</TestRun>